[2017-04-16 23:48:06] local.ERROR: exception 'PDOException' with message 'SQLSTATE[42000]: Syntax error or access violation: 1071 Specified key was too long; max key length is 767 bytes' in C:\xampp\htdocs\roadtoglory.blackfiddle.net\deployment\vendor\laravel\framework\src\Illuminate\Database\Connection.php:449
Stack trace:
#0 C:\xampp\htdocs\roadtoglory.blackfiddle.net\deployment\vendor\laravel\framework\src\Illuminate\Database\Connection.php(449): PDOStatement->execute()
#1 C:\xampp\htdocs\roadtoglory.blackfiddle.net\deployment\vendor\laravel\framework\src\Illuminate\Database\Connection.php(640): Illuminate\Database\Connection->Illuminate\Database\{closure}('alter table `us...', Array)
#2 C:\xampp\htdocs\roadtoglory.blackfiddle.net\deployment\vendor\laravel\framework\src\Illuminate\Database\Connection.php(607): Illuminate\Database\Connection->runQueryCallback('alter table `us...', Array, Object(Closure))
#3 C:\xampp\htdocs\roadtoglory.blackfiddle.net\deployment\vendor\laravel\framework\src\Illuminate\Database\Connection.php(450): Illuminate\Database\Connection->run('alter table `us...', Array, Object(Closure))
#4 C:\xampp\htdocs\roadtoglory.blackfiddle.net\deployment\vendor\laravel\framework\src\Illuminate\Database\Schema\Blueprint.php(83): Illuminate\Database\Connection->statement('alter table `us...')
#5 C:\xampp\htdocs\roadtoglory.blackfiddle.net\deployment\vendor\laravel\framework\src\Illuminate\Database\Schema\Builder.php(239): Illuminate\Database\Schema\Blueprint->build(Object(Illuminate\Database\MySqlConnection), Object(Illuminate\Database\Schema\Grammars\MySqlGrammar))
#6 C:\xampp\htdocs\roadtoglory.blackfiddle.net\deployment\vendor\laravel\framework\src\Illuminate\Database\Schema\Builder.php(164): Illuminate\Database\Schema\Builder->build(Object(Illuminate\Database\Schema\Blueprint))
#7 C:\xampp\htdocs\roadtoglory.blackfiddle.net\deployment\vendor\laravel\framework\src\Illuminate\Support\Facades\Facade.php(221): Illuminate\Database\Schema\Builder->create('users', Object(Closure))
#8 C:\xampp\htdocs\roadtoglory.blackfiddle.net\deployment\database\migrations\2014_10_12_000000_create_users_table.php(23): Illuminate\Support\Facades\Facade::__callStatic('create', Array)
#9 C:\xampp\htdocs\roadtoglory.blackfiddle.net\deployment\database\migrations\2014_10_12_000000_create_users_table.php(23): Illuminate\Support\Facades\Schema::create('users', Object(Closure))
#10 C:\xampp\htdocs\roadtoglory.blackfiddle.net\deployment\vendor\laravel\framework\src\Illuminate\Database\Migrations\Migrator.php(353): CreateUsersTable->up()
#11 C:\xampp\htdocs\roadtoglory.blackfiddle.net\deployment\vendor\laravel\framework\src\Illuminate\Database\Migrations\Migrator.php(359): Illuminate\Database\Migrations\Migrator->Illuminate\Database\Migrations\{closure}()
#12 C:\xampp\htdocs\roadtoglory.blackfiddle.net\deployment\vendor\laravel\framework\src\Illuminate\Database\Migrations\Migrator.php(177): Illuminate\Database\Migrations\Migrator->runMigration(Object(CreateUsersTable), 'up')
#13 C:\xampp\htdocs\roadtoglory.blackfiddle.net\deployment\vendor\laravel\framework\src\Illuminate\Database\Migrations\Migrator.php(146): Illuminate\Database\Migrations\Migrator->runUp('C:\\xampp\\htdocs...', 1, false)
#14 C:\xampp\htdocs\roadtoglory.blackfiddle.net\deployment\vendor\laravel\framework\src\Illuminate\Database\Migrations\Migrator.php(95): Illuminate\Database\Migrations\Migrator->runPending(Array, Array)
#15 C:\xampp\htdocs\roadtoglory.blackfiddle.net\deployment\vendor\laravel\framework\src\Illuminate\Database\Console\Migrations\MigrateCommand.php(70): Illuminate\Database\Migrations\Migrator->run(Array, Array)
#16 [internal function]: Illuminate\Database\Console\Migrations\MigrateCommand->fire()
#17 C:\xampp\htdocs\roadtoglory.blackfiddle.net\deployment\vendor\laravel\framework\src\Illuminate\Container\BoundMethod.php(30): call_user_func_array(Array, Array)
#18 C:\xampp\htdocs\roadtoglory.blackfiddle.net\deployment\vendor\laravel\framework\src\Illuminate\Container\BoundMethod.php(87): Illuminate\Container\BoundMethod::Illuminate\Container\{closure}()
#19 C:\xampp\htdocs\roadtoglory.blackfiddle.net\deployment\vendor\laravel\framework\src\Illuminate\Container\BoundMethod.php(31): Illuminate\Container\BoundMethod::callBoundMethod(Object(Illuminate\Foundation\Application), Array, Object(Closure))
#20 C:\xampp\htdocs\roadtoglory.blackfiddle.net\deployment\vendor\laravel\framework\src\Illuminate\Container\Container.php(531): Illuminate\Container\BoundMethod::call(Object(Illuminate\Foundation\Application), Array, Array, NULL)
#21 C:\xampp\htdocs\roadtoglory.blackfiddle.net\deployment\vendor\laravel\framework\src\Illuminate\Console\Command.php(182): Illuminate\Container\Container->call(Array)
#22 C:\xampp\htdocs\roadtoglory.blackfiddle.net\deployment\vendor\symfony\console\Command\Command.php(262): Illuminate\Console\Command->execute(Object(Symfony\Component\Console\Input\ArgvInput), Object(Illuminate\Console\OutputStyle))
#23 C:\xampp\htdocs\roadtoglory.blackfiddle.net\deployment\vendor\laravel\framework\src\Illuminate\Console\Command.php(168): Symfony\Component\Console\Command\Command->run(Object(Symfony\Component\Console\Input\ArgvInput), Object(Illuminate\Console\OutputStyle))
#24 C:\xampp\htdocs\roadtoglory.blackfiddle.net\deployment\vendor\symfony\console\Application.php(826): Illuminate\Console\Command->run(Object(Symfony\Component\Console\Input\ArgvInput), Object(Symfony\Component\Console\Output\ConsoleOutput))
#25 C:\xampp\htdocs\roadtoglory.blackfiddle.net\deployment\vendor\symfony\console\Application.php(190): Symfony\Component\Console\Application->doRunCommand(Object(Illuminate\Database\Console\Migrations\MigrateCommand), Object(Symfony\Component\Console\Input\ArgvInput), Object(Symfony\Component\Console\Output\ConsoleOutput))
#26 C:\xampp\htdocs\roadtoglory.blackfiddle.net\deployment\vendor\symfony\console\Application.php(121): Symfony\Component\Console\Application->doRun(Object(Symfony\Component\Console\Input\ArgvInput), Object(Symfony\Component\Console\Output\ConsoleOutput))
#27 C:\xampp\htdocs\roadtoglory.blackfiddle.net\deployment\vendor\laravel\framework\src\Illuminate\Foundation\Console\Kernel.php(123): Symfony\Component\Console\Application->run(Object(Symfony\Component\Console\Input\ArgvInput), Object(Symfony\Component\Console\Output\ConsoleOutput))
#28 C:\xampp\htdocs\roadtoglory.blackfiddle.net\deployment\artisan(36): Illuminate\Foundation\Console\Kernel->handle(Object(Symfony\Component\Console\Input\ArgvInput), Object(Symfony\Component\Console\Output\ConsoleOutput))
#29 {main}

Next exception 'Illuminate\Database\QueryException' with message 'SQLSTATE[42000]: Syntax error or access violation: 1071 Specified key was too long; max key length is 767 bytes (SQL: alter table `users` add unique `users_email_unique`(`email`))' in C:\xampp\htdocs\roadtoglory.blackfiddle.net\deployment\vendor\laravel\framework\src\Illuminate\Database\Connection.php:647
Stack trace:
#0 C:\xampp\htdocs\roadtoglory.blackfiddle.net\deployment\vendor\laravel\framework\src\Illuminate\Database\Connection.php(607): Illuminate\Database\Connection->runQueryCallback('alter table `us...', Array, Object(Closure))
#1 C:\xampp\htdocs\roadtoglory.blackfiddle.net\deployment\vendor\laravel\framework\src\Illuminate\Database\Connection.php(450): Illuminate\Database\Connection->run('alter table `us...', Array, Object(Closure))
#2 C:\xampp\htdocs\roadtoglory.blackfiddle.net\deployment\vendor\laravel\framework\src\Illuminate\Database\Schema\Blueprint.php(83): Illuminate\Database\Connection->statement('alter table `us...')
#3 C:\xampp\htdocs\roadtoglory.blackfiddle.net\deployment\vendor\laravel\framework\src\Illuminate\Database\Schema\Builder.php(239): Illuminate\Database\Schema\Blueprint->build(Object(Illuminate\Database\MySqlConnection), Object(Illuminate\Database\Schema\Grammars\MySqlGrammar))
#4 C:\xampp\htdocs\roadtoglory.blackfiddle.net\deployment\vendor\laravel\framework\src\Illuminate\Database\Schema\Builder.php(164): Illuminate\Database\Schema\Builder->build(Object(Illuminate\Database\Schema\Blueprint))
#5 C:\xampp\htdocs\roadtoglory.blackfiddle.net\deployment\vendor\laravel\framework\src\Illuminate\Support\Facades\Facade.php(221): Illuminate\Database\Schema\Builder->create('users', Object(Closure))
#6 C:\xampp\htdocs\roadtoglory.blackfiddle.net\deployment\database\migrations\2014_10_12_000000_create_users_table.php(23): Illuminate\Support\Facades\Facade::__callStatic('create', Array)
#7 C:\xampp\htdocs\roadtoglory.blackfiddle.net\deployment\database\migrations\2014_10_12_000000_create_users_table.php(23): Illuminate\Support\Facades\Schema::create('users', Object(Closure))
#8 C:\xampp\htdocs\roadtoglory.blackfiddle.net\deployment\vendor\laravel\framework\src\Illuminate\Database\Migrations\Migrator.php(353): CreateUsersTable->up()
#9 C:\xampp\htdocs\roadtoglory.blackfiddle.net\deployment\vendor\laravel\framework\src\Illuminate\Database\Migrations\Migrator.php(359): Illuminate\Database\Migrations\Migrator->Illuminate\Database\Migrations\{closure}()
#10 C:\xampp\htdocs\roadtoglory.blackfiddle.net\deployment\vendor\laravel\framework\src\Illuminate\Database\Migrations\Migrator.php(177): Illuminate\Database\Migrations\Migrator->runMigration(Object(CreateUsersTable), 'up')
#11 C:\xampp\htdocs\roadtoglory.blackfiddle.net\deployment\vendor\laravel\framework\src\Illuminate\Database\Migrations\Migrator.php(146): Illuminate\Database\Migrations\Migrator->runUp('C:\\xampp\\htdocs...', 1, false)
#12 C:\xampp\htdocs\roadtoglory.blackfiddle.net\deployment\vendor\laravel\framework\src\Illuminate\Database\Migrations\Migrator.php(95): Illuminate\Database\Migrations\Migrator->runPending(Array, Array)
#13 C:\xampp\htdocs\roadtoglory.blackfiddle.net\deployment\vendor\laravel\framework\src\Illuminate\Database\Console\Migrations\MigrateCommand.php(70): Illuminate\Database\Migrations\Migrator->run(Array, Array)
#14 [internal function]: Illuminate\Database\Console\Migrations\MigrateCommand->fire()
#15 C:\xampp\htdocs\roadtoglory.blackfiddle.net\deployment\vendor\laravel\framework\src\Illuminate\Container\BoundMethod.php(30): call_user_func_array(Array, Array)
#16 C:\xampp\htdocs\roadtoglory.blackfiddle.net\deployment\vendor\laravel\framework\src\Illuminate\Container\BoundMethod.php(87): Illuminate\Container\BoundMethod::Illuminate\Container\{closure}()
#17 C:\xampp\htdocs\roadtoglory.blackfiddle.net\deployment\vendor\laravel\framework\src\Illuminate\Container\BoundMethod.php(31): Illuminate\Container\BoundMethod::callBoundMethod(Object(Illuminate\Foundation\Application), Array, Object(Closure))
#18 C:\xampp\htdocs\roadtoglory.blackfiddle.net\deployment\vendor\laravel\framework\src\Illuminate\Container\Container.php(531): Illuminate\Container\BoundMethod::call(Object(Illuminate\Foundation\Application), Array, Array, NULL)
#19 C:\xampp\htdocs\roadtoglory.blackfiddle.net\deployment\vendor\laravel\framework\src\Illuminate\Console\Command.php(182): Illuminate\Container\Container->call(Array)
#20 C:\xampp\htdocs\roadtoglory.blackfiddle.net\deployment\vendor\symfony\console\Command\Command.php(262): Illuminate\Console\Command->execute(Object(Symfony\Component\Console\Input\ArgvInput), Object(Illuminate\Console\OutputStyle))
#21 C:\xampp\htdocs\roadtoglory.blackfiddle.net\deployment\vendor\laravel\framework\src\Illuminate\Console\Command.php(168): Symfony\Component\Console\Command\Command->run(Object(Symfony\Component\Console\Input\ArgvInput), Object(Illuminate\Console\OutputStyle))
#22 C:\xampp\htdocs\roadtoglory.blackfiddle.net\deployment\vendor\symfony\console\Application.php(826): Illuminate\Console\Command->run(Object(Symfony\Component\Console\Input\ArgvInput), Object(Symfony\Component\Console\Output\ConsoleOutput))
#23 C:\xampp\htdocs\roadtoglory.blackfiddle.net\deployment\vendor\symfony\console\Application.php(190): Symfony\Component\Console\Application->doRunCommand(Object(Illuminate\Database\Console\Migrations\MigrateCommand), Object(Symfony\Component\Console\Input\ArgvInput), Object(Symfony\Component\Console\Output\ConsoleOutput))
#24 C:\xampp\htdocs\roadtoglory.blackfiddle.net\deployment\vendor\symfony\console\Application.php(121): Symfony\Component\Console\Application->doRun(Object(Symfony\Component\Console\Input\ArgvInput), Object(Symfony\Component\Console\Output\ConsoleOutput))
#25 C:\xampp\htdocs\roadtoglory.blackfiddle.net\deployment\vendor\laravel\framework\src\Illuminate\Foundation\Console\Kernel.php(123): Symfony\Component\Console\Application->run(Object(Symfony\Component\Console\Input\ArgvInput), Object(Symfony\Component\Console\Output\ConsoleOutput))
#26 C:\xampp\htdocs\roadtoglory.blackfiddle.net\deployment\artisan(36): Illuminate\Foundation\Console\Kernel->handle(Object(Symfony\Component\Console\Input\ArgvInput), Object(Symfony\Component\Console\Output\ConsoleOutput))
#27 {main}  
[2017-04-16 23:48:19] local.ERROR: exception 'Symfony\Component\Console\Exception\RuntimeException' with message 'Too many arguments, expected arguments "command".' in C:\xampp\htdocs\roadtoglory.blackfiddle.net\deployment\vendor\symfony\console\Input\ArgvInput.php:184
Stack trace:
#0 C:\xampp\htdocs\roadtoglory.blackfiddle.net\deployment\vendor\symfony\console\Input\ArgvInput.php(88): Symfony\Component\Console\Input\ArgvInput->parseArgument('down')
#1 C:\xampp\htdocs\roadtoglory.blackfiddle.net\deployment\vendor\symfony\console\Input\Input.php(63): Symfony\Component\Console\Input\ArgvInput->parse()
#2 C:\xampp\htdocs\roadtoglory.blackfiddle.net\deployment\vendor\symfony\console\Command\Command.php(220): Symfony\Component\Console\Input\Input->bind(Object(Symfony\Component\Console\Input\InputDefinition))
#3 C:\xampp\htdocs\roadtoglory.blackfiddle.net\deployment\vendor\laravel\framework\src\Illuminate\Console\Command.php(168): Symfony\Component\Console\Command\Command->run(Object(Symfony\Component\Console\Input\ArgvInput), Object(Illuminate\Console\OutputStyle))
#4 C:\xampp\htdocs\roadtoglory.blackfiddle.net\deployment\vendor\symfony\console\Application.php(826): Illuminate\Console\Command->run(Object(Symfony\Component\Console\Input\ArgvInput), Object(Symfony\Component\Console\Output\ConsoleOutput))
#5 C:\xampp\htdocs\roadtoglory.blackfiddle.net\deployment\vendor\symfony\console\Application.php(190): Symfony\Component\Console\Application->doRunCommand(Object(Illuminate\Database\Console\Migrations\MigrateCommand), Object(Symfony\Component\Console\Input\ArgvInput), Object(Symfony\Component\Console\Output\ConsoleOutput))
#6 C:\xampp\htdocs\roadtoglory.blackfiddle.net\deployment\vendor\symfony\console\Application.php(121): Symfony\Component\Console\Application->doRun(Object(Symfony\Component\Console\Input\ArgvInput), Object(Symfony\Component\Console\Output\ConsoleOutput))
#7 C:\xampp\htdocs\roadtoglory.blackfiddle.net\deployment\vendor\laravel\framework\src\Illuminate\Foundation\Console\Kernel.php(123): Symfony\Component\Console\Application->run(Object(Symfony\Component\Console\Input\ArgvInput), Object(Symfony\Component\Console\Output\ConsoleOutput))
#8 C:\xampp\htdocs\roadtoglory.blackfiddle.net\deployment\artisan(36): Illuminate\Foundation\Console\Kernel->handle(Object(Symfony\Component\Console\Input\ArgvInput), Object(Symfony\Component\Console\Output\ConsoleOutput))
#9 {main}  
[2017-04-16 23:49:05] local.ERROR: exception 'PDOException' with message 'SQLSTATE[42000]: Syntax error or access violation: 1071 Specified key was too long; max key length is 767 bytes' in C:\xampp\htdocs\roadtoglory.blackfiddle.net\deployment\vendor\laravel\framework\src\Illuminate\Database\Connection.php:449
Stack trace:
#0 C:\xampp\htdocs\roadtoglory.blackfiddle.net\deployment\vendor\laravel\framework\src\Illuminate\Database\Connection.php(449): PDOStatement->execute()
#1 C:\xampp\htdocs\roadtoglory.blackfiddle.net\deployment\vendor\laravel\framework\src\Illuminate\Database\Connection.php(640): Illuminate\Database\Connection->Illuminate\Database\{closure}('alter table `pa...', Array)
#2 C:\xampp\htdocs\roadtoglory.blackfiddle.net\deployment\vendor\laravel\framework\src\Illuminate\Database\Connection.php(607): Illuminate\Database\Connection->runQueryCallback('alter table `pa...', Array, Object(Closure))
#3 C:\xampp\htdocs\roadtoglory.blackfiddle.net\deployment\vendor\laravel\framework\src\Illuminate\Database\Connection.php(450): Illuminate\Database\Connection->run('alter table `pa...', Array, Object(Closure))
#4 C:\xampp\htdocs\roadtoglory.blackfiddle.net\deployment\vendor\laravel\framework\src\Illuminate\Database\Schema\Blueprint.php(83): Illuminate\Database\Connection->statement('alter table `pa...')
#5 C:\xampp\htdocs\roadtoglory.blackfiddle.net\deployment\vendor\laravel\framework\src\Illuminate\Database\Schema\Builder.php(239): Illuminate\Database\Schema\Blueprint->build(Object(Illuminate\Database\MySqlConnection), Object(Illuminate\Database\Schema\Grammars\MySqlGrammar))
#6 C:\xampp\htdocs\roadtoglory.blackfiddle.net\deployment\vendor\laravel\framework\src\Illuminate\Database\Schema\Builder.php(164): Illuminate\Database\Schema\Builder->build(Object(Illuminate\Database\Schema\Blueprint))
#7 C:\xampp\htdocs\roadtoglory.blackfiddle.net\deployment\vendor\laravel\framework\src\Illuminate\Support\Facades\Facade.php(221): Illuminate\Database\Schema\Builder->create('password_resets', Object(Closure))
#8 C:\xampp\htdocs\roadtoglory.blackfiddle.net\deployment\database\migrations\2014_10_12_100000_create_password_resets_table.php(20): Illuminate\Support\Facades\Facade::__callStatic('create', Array)
#9 C:\xampp\htdocs\roadtoglory.blackfiddle.net\deployment\database\migrations\2014_10_12_100000_create_password_resets_table.php(20): Illuminate\Support\Facades\Schema::create('password_resets', Object(Closure))
#10 C:\xampp\htdocs\roadtoglory.blackfiddle.net\deployment\vendor\laravel\framework\src\Illuminate\Database\Migrations\Migrator.php(353): CreatePasswordResetsTable->up()
#11 C:\xampp\htdocs\roadtoglory.blackfiddle.net\deployment\vendor\laravel\framework\src\Illuminate\Database\Migrations\Migrator.php(359): Illuminate\Database\Migrations\Migrator->Illuminate\Database\Migrations\{closure}()
#12 C:\xampp\htdocs\roadtoglory.blackfiddle.net\deployment\vendor\laravel\framework\src\Illuminate\Database\Migrations\Migrator.php(177): Illuminate\Database\Migrations\Migrator->runMigration(Object(CreatePasswordResetsTable), 'up')
#13 C:\xampp\htdocs\roadtoglory.blackfiddle.net\deployment\vendor\laravel\framework\src\Illuminate\Database\Migrations\Migrator.php(146): Illuminate\Database\Migrations\Migrator->runUp('C:\\xampp\\htdocs...', 1, false)
#14 C:\xampp\htdocs\roadtoglory.blackfiddle.net\deployment\vendor\laravel\framework\src\Illuminate\Database\Migrations\Migrator.php(95): Illuminate\Database\Migrations\Migrator->runPending(Array, Array)
#15 C:\xampp\htdocs\roadtoglory.blackfiddle.net\deployment\vendor\laravel\framework\src\Illuminate\Database\Console\Migrations\MigrateCommand.php(70): Illuminate\Database\Migrations\Migrator->run(Array, Array)
#16 [internal function]: Illuminate\Database\Console\Migrations\MigrateCommand->fire()
#17 C:\xampp\htdocs\roadtoglory.blackfiddle.net\deployment\vendor\laravel\framework\src\Illuminate\Container\BoundMethod.php(30): call_user_func_array(Array, Array)
#18 C:\xampp\htdocs\roadtoglory.blackfiddle.net\deployment\vendor\laravel\framework\src\Illuminate\Container\BoundMethod.php(87): Illuminate\Container\BoundMethod::Illuminate\Container\{closure}()
#19 C:\xampp\htdocs\roadtoglory.blackfiddle.net\deployment\vendor\laravel\framework\src\Illuminate\Container\BoundMethod.php(31): Illuminate\Container\BoundMethod::callBoundMethod(Object(Illuminate\Foundation\Application), Array, Object(Closure))
#20 C:\xampp\htdocs\roadtoglory.blackfiddle.net\deployment\vendor\laravel\framework\src\Illuminate\Container\Container.php(531): Illuminate\Container\BoundMethod::call(Object(Illuminate\Foundation\Application), Array, Array, NULL)
#21 C:\xampp\htdocs\roadtoglory.blackfiddle.net\deployment\vendor\laravel\framework\src\Illuminate\Console\Command.php(182): Illuminate\Container\Container->call(Array)
#22 C:\xampp\htdocs\roadtoglory.blackfiddle.net\deployment\vendor\symfony\console\Command\Command.php(262): Illuminate\Console\Command->execute(Object(Symfony\Component\Console\Input\ArgvInput), Object(Illuminate\Console\OutputStyle))
#23 C:\xampp\htdocs\roadtoglory.blackfiddle.net\deployment\vendor\laravel\framework\src\Illuminate\Console\Command.php(168): Symfony\Component\Console\Command\Command->run(Object(Symfony\Component\Console\Input\ArgvInput), Object(Illuminate\Console\OutputStyle))
#24 C:\xampp\htdocs\roadtoglory.blackfiddle.net\deployment\vendor\symfony\console\Application.php(826): Illuminate\Console\Command->run(Object(Symfony\Component\Console\Input\ArgvInput), Object(Symfony\Component\Console\Output\ConsoleOutput))
#25 C:\xampp\htdocs\roadtoglory.blackfiddle.net\deployment\vendor\symfony\console\Application.php(190): Symfony\Component\Console\Application->doRunCommand(Object(Illuminate\Database\Console\Migrations\MigrateCommand), Object(Symfony\Component\Console\Input\ArgvInput), Object(Symfony\Component\Console\Output\ConsoleOutput))
#26 C:\xampp\htdocs\roadtoglory.blackfiddle.net\deployment\vendor\symfony\console\Application.php(121): Symfony\Component\Console\Application->doRun(Object(Symfony\Component\Console\Input\ArgvInput), Object(Symfony\Component\Console\Output\ConsoleOutput))
#27 C:\xampp\htdocs\roadtoglory.blackfiddle.net\deployment\vendor\laravel\framework\src\Illuminate\Foundation\Console\Kernel.php(123): Symfony\Component\Console\Application->run(Object(Symfony\Component\Console\Input\ArgvInput), Object(Symfony\Component\Console\Output\ConsoleOutput))
#28 C:\xampp\htdocs\roadtoglory.blackfiddle.net\deployment\artisan(36): Illuminate\Foundation\Console\Kernel->handle(Object(Symfony\Component\Console\Input\ArgvInput), Object(Symfony\Component\Console\Output\ConsoleOutput))
#29 {main}

Next exception 'Illuminate\Database\QueryException' with message 'SQLSTATE[42000]: Syntax error or access violation: 1071 Specified key was too long; max key length is 767 bytes (SQL: alter table `password_resets` add index `password_resets_email_index`(`email`))' in C:\xampp\htdocs\roadtoglory.blackfiddle.net\deployment\vendor\laravel\framework\src\Illuminate\Database\Connection.php:647
Stack trace:
#0 C:\xampp\htdocs\roadtoglory.blackfiddle.net\deployment\vendor\laravel\framework\src\Illuminate\Database\Connection.php(607): Illuminate\Database\Connection->runQueryCallback('alter table `pa...', Array, Object(Closure))
#1 C:\xampp\htdocs\roadtoglory.blackfiddle.net\deployment\vendor\laravel\framework\src\Illuminate\Database\Connection.php(450): Illuminate\Database\Connection->run('alter table `pa...', Array, Object(Closure))
#2 C:\xampp\htdocs\roadtoglory.blackfiddle.net\deployment\vendor\laravel\framework\src\Illuminate\Database\Schema\Blueprint.php(83): Illuminate\Database\Connection->statement('alter table `pa...')
#3 C:\xampp\htdocs\roadtoglory.blackfiddle.net\deployment\vendor\laravel\framework\src\Illuminate\Database\Schema\Builder.php(239): Illuminate\Database\Schema\Blueprint->build(Object(Illuminate\Database\MySqlConnection), Object(Illuminate\Database\Schema\Grammars\MySqlGrammar))
#4 C:\xampp\htdocs\roadtoglory.blackfiddle.net\deployment\vendor\laravel\framework\src\Illuminate\Database\Schema\Builder.php(164): Illuminate\Database\Schema\Builder->build(Object(Illuminate\Database\Schema\Blueprint))
#5 C:\xampp\htdocs\roadtoglory.blackfiddle.net\deployment\vendor\laravel\framework\src\Illuminate\Support\Facades\Facade.php(221): Illuminate\Database\Schema\Builder->create('password_resets', Object(Closure))
#6 C:\xampp\htdocs\roadtoglory.blackfiddle.net\deployment\database\migrations\2014_10_12_100000_create_password_resets_table.php(20): Illuminate\Support\Facades\Facade::__callStatic('create', Array)
#7 C:\xampp\htdocs\roadtoglory.blackfiddle.net\deployment\database\migrations\2014_10_12_100000_create_password_resets_table.php(20): Illuminate\Support\Facades\Schema::create('password_resets', Object(Closure))
#8 C:\xampp\htdocs\roadtoglory.blackfiddle.net\deployment\vendor\laravel\framework\src\Illuminate\Database\Migrations\Migrator.php(353): CreatePasswordResetsTable->up()
#9 C:\xampp\htdocs\roadtoglory.blackfiddle.net\deployment\vendor\laravel\framework\src\Illuminate\Database\Migrations\Migrator.php(359): Illuminate\Database\Migrations\Migrator->Illuminate\Database\Migrations\{closure}()
#10 C:\xampp\htdocs\roadtoglory.blackfiddle.net\deployment\vendor\laravel\framework\src\Illuminate\Database\Migrations\Migrator.php(177): Illuminate\Database\Migrations\Migrator->runMigration(Object(CreatePasswordResetsTable), 'up')
#11 C:\xampp\htdocs\roadtoglory.blackfiddle.net\deployment\vendor\laravel\framework\src\Illuminate\Database\Migrations\Migrator.php(146): Illuminate\Database\Migrations\Migrator->runUp('C:\\xampp\\htdocs...', 1, false)
#12 C:\xampp\htdocs\roadtoglory.blackfiddle.net\deployment\vendor\laravel\framework\src\Illuminate\Database\Migrations\Migrator.php(95): Illuminate\Database\Migrations\Migrator->runPending(Array, Array)
#13 C:\xampp\htdocs\roadtoglory.blackfiddle.net\deployment\vendor\laravel\framework\src\Illuminate\Database\Console\Migrations\MigrateCommand.php(70): Illuminate\Database\Migrations\Migrator->run(Array, Array)
#14 [internal function]: Illuminate\Database\Console\Migrations\MigrateCommand->fire()
#15 C:\xampp\htdocs\roadtoglory.blackfiddle.net\deployment\vendor\laravel\framework\src\Illuminate\Container\BoundMethod.php(30): call_user_func_array(Array, Array)
#16 C:\xampp\htdocs\roadtoglory.blackfiddle.net\deployment\vendor\laravel\framework\src\Illuminate\Container\BoundMethod.php(87): Illuminate\Container\BoundMethod::Illuminate\Container\{closure}()
#17 C:\xampp\htdocs\roadtoglory.blackfiddle.net\deployment\vendor\laravel\framework\src\Illuminate\Container\BoundMethod.php(31): Illuminate\Container\BoundMethod::callBoundMethod(Object(Illuminate\Foundation\Application), Array, Object(Closure))
#18 C:\xampp\htdocs\roadtoglory.blackfiddle.net\deployment\vendor\laravel\framework\src\Illuminate\Container\Container.php(531): Illuminate\Container\BoundMethod::call(Object(Illuminate\Foundation\Application), Array, Array, NULL)
#19 C:\xampp\htdocs\roadtoglory.blackfiddle.net\deployment\vendor\laravel\framework\src\Illuminate\Console\Command.php(182): Illuminate\Container\Container->call(Array)
#20 C:\xampp\htdocs\roadtoglory.blackfiddle.net\deployment\vendor\symfony\console\Command\Command.php(262): Illuminate\Console\Command->execute(Object(Symfony\Component\Console\Input\ArgvInput), Object(Illuminate\Console\OutputStyle))
#21 C:\xampp\htdocs\roadtoglory.blackfiddle.net\deployment\vendor\laravel\framework\src\Illuminate\Console\Command.php(168): Symfony\Component\Console\Command\Command->run(Object(Symfony\Component\Console\Input\ArgvInput), Object(Illuminate\Console\OutputStyle))
#22 C:\xampp\htdocs\roadtoglory.blackfiddle.net\deployment\vendor\symfony\console\Application.php(826): Illuminate\Console\Command->run(Object(Symfony\Component\Console\Input\ArgvInput), Object(Symfony\Component\Console\Output\ConsoleOutput))
#23 C:\xampp\htdocs\roadtoglory.blackfiddle.net\deployment\vendor\symfony\console\Application.php(190): Symfony\Component\Console\Application->doRunCommand(Object(Illuminate\Database\Console\Migrations\MigrateCommand), Object(Symfony\Component\Console\Input\ArgvInput), Object(Symfony\Component\Console\Output\ConsoleOutput))
#24 C:\xampp\htdocs\roadtoglory.blackfiddle.net\deployment\vendor\symfony\console\Application.php(121): Symfony\Component\Console\Application->doRun(Object(Symfony\Component\Console\Input\ArgvInput), Object(Symfony\Component\Console\Output\ConsoleOutput))
#25 C:\xampp\htdocs\roadtoglory.blackfiddle.net\deployment\vendor\laravel\framework\src\Illuminate\Foundation\Console\Kernel.php(123): Symfony\Component\Console\Application->run(Object(Symfony\Component\Console\Input\ArgvInput), Object(Symfony\Component\Console\Output\ConsoleOutput))
#26 C:\xampp\htdocs\roadtoglory.blackfiddle.net\deployment\artisan(36): Illuminate\Foundation\Console\Kernel->handle(Object(Symfony\Component\Console\Input\ArgvInput), Object(Symfony\Component\Console\Output\ConsoleOutput))
#27 {main}  
